<?xml version="1.0" encoding="utf-8"?><testsuites name="pytest tests"><testsuite name="pytest" errors="0" failures="0" skipped="0" tests="3" time="18.278" timestamp="2026-07-16T10:12:23.706025+05:30" hostname="DESKTOP-SOOG4QH"><testcase classname="tests.test_saucedemo" name="test_sauce_demo_sd_1[chromium]" time="15.583" /><testcase classname="tests.test_saucedemo" name="test_login_sd_1[chromium-standard_user-secret_sauce]" time="1.209" /><testcase classname="tests.test_saucedemo" name="test_login_sd_1[chromium-visual_user-secret_sauce]" time="1.425" /></testsuite></testsuites>